INUM:        0 PC: 0x0000
INUM:        1 PC: 0x0002
INUM:        2 PC: 0x0004
INUM:        3 PC: 0x0006 REG:  0 VALUE: 0x0000
INUM:        4 PC: 0x0008 REG:  1 VALUE: 0x0001
INUM:        5 PC: 0x000a REG:  1 VALUE: 0x0001
INUM:        6 PC: 0x000c REG:  2 VALUE: 0x0000
INUM:        7 PC: 0x000e REG:  2 VALUE: 0x8000
INUM:        8 PC: 0x0010 REG:  3 VALUE: 0x0003
INUM:        9 PC: 0x0012 REG:  3 VALUE: 0x0003
INUM:       10 PC: 0x0014 REG:  4 VALUE: 0x0000
INUM:       11 PC: 0x0066 REG:  4 VALUE: 0xff00
INUM:       12 PC: 0x0068 REG:  0 VALUE: 0x0000
INUM:       13 PC: 0x0056
INUM:       14 PC: 0x0058 REG:  0 VALUE: 0x0000
INUM:       15 PC: 0x005a
INUM:       16 PC: 0x0048 REG:  0 VALUE: 0x0000
INUM:       17 PC: 0x004a REG:  0 VALUE: 0x0000
INUM:       18 PC: 0x004c
INUM:       19 PC: 0x004e REG:  0 VALUE: 0x0000
INUM:       20 PC: 0x004e REG:  0 VALUE: 0x0000
INUM:       21 PC: 0x0050
INUM:       22 PC: 0x0052
INUM:       23 PC: 0x0054 REG:  8 VALUE: 0xfffe
INUM:       24 PC: 0x0056 REG:  8 VALUE: 0xfffe
INUM:       25 PC: 0x0058 REG:  0 VALUE: 0x0000
INUM:       26 PC: 0x005a
INUM:       27 PC: 0x0048 REG:  8 VALUE: 0x0000
INUM:       28 PC: 0x004a REG:  0 VALUE: 0x0000
INUM:       29 PC: 0x004c
INUM:       30 PC: 0x004e REG:  0 VALUE: 0x0000
INUM:       31 PC: 0x004e REG:  0 VALUE: 0x0000
INUM:       32 PC: 0x0050
INUM:       33 PC: 0x0052
INUM:       34 PC: 0x0054 REG:  8 VALUE: 0xfffe
INUM:       35 PC: 0x0056 REG:  8 VALUE: 0xfffe
INUM:       36 PC: 0x0058 REG:  0 VALUE: 0x0000
INUM:       37 PC: 0x005a
INUM:       38 PC: 0x0048 REG:  8 VALUE: 0x0000
INUM:       39 PC: 0x004a REG:  0 VALUE: 0x0000
INUM:       40 PC: 0x004c
INUM:       41 PC: 0x004e REG:  0 VALUE: 0x0000
INUM:       42 PC: 0x004e REG:  0 VALUE: 0x0000
INUM:       43 PC: 0x0050
INUM:       44 PC: 0x0052
INUM:       45 PC: 0x0054 REG:  8 VALUE: 0xfffe
INUM:       46 PC: 0x0056 REG:  8 VALUE: 0xfffe
INUM:       47 PC: 0x0058 REG:  0 VALUE: 0x0000
INUM:       48 PC: 0x005a
INUM:       49 PC: 0x0048 REG:  8 VALUE: 0x0000
INUM:       50 PC: 0x004a REG:  0 VALUE: 0x0000
INUM:       51 PC: 0x004c
INUM:       52 PC: 0x004e REG:  0 VALUE: 0x0000
INUM:       53 PC: 0x004e REG:  0 VALUE: 0x0000
INUM:       54 PC: 0x0050
INUM:       55 PC: 0x0052
INUM:       56 PC: 0x0054 REG:  8 VALUE: 0xfffe
INUM:       57 PC: 0x0056 REG:  8 VALUE: 0xfffe
