SIMLOG:: Cycle           4 PC:     0000 I:     b100 R: 0   0     0000 M: 0 0     0000     0000
SIMLOG:: Cycle           5 PC:     0002 I:     b280 R: 0   0     0000 M: 0 0     0000     0000
SIMLOG:: Cycle           6 PC:     0004 I:     b300 R: 0   0     0000 M: 0 0     0000     0000
SIMLOG:: Cycle           7 PC:     0006 I:     b4ff R: 1   0     0000 M: 0 0     0000     8000
SIMLOG:: Cycle           8 PC:     0008 I:     b512 R: 1   1     0000 M: 0 0     8000     0000
SIMLOG:: Cycle           9 PC:     000a I:     b656 R: 1   2     8000 M: 0 0     0000     ff00
SIMLOG:: Cycle          10 PC:     000c I:     b7c0 R: 1   3     0000 M: 0 0     ff00     1200
SIMLOG:: Cycle          11 PC:     000e I:     a101 R: 1   4     ff00 M: 0 0     1200     5600
SIMLOG:: Cycle          12 PC:     0010 I:     a200 R: 1   5     1200 M: 0 0     5600     c000
SIMLOG:: Cycle          13 PC:     0012 I:     a303 R: 1   6     5600 M: 0 0     c000     0001
SIMLOG:: Cycle          14 PC:     0014 I:     a400 R: 1   7     c000 M: 0 0     0001     0000
SIMLOG:: Cycle          15 PC:     0016 I:     a534 R: 1   1     0001 M: 0 0     8000     0003
SIMLOG:: Cycle          16 PC:     0018 I:     a678 R: 1   2     8000 M: 0 0     0003     0000
SIMLOG:: Cycle          17 PC:     001a I:     a700 R: 1   3     0003 M: 0 0     ff00     0034
SIMLOG:: Cycle          18 PC:     001c I:     0113 R: 1   4     ff00 M: 0 0     1234     0078
SIMLOG:: Cycle          19 PC:     001e I:     0223 R: 1   5     1234 M: 0 0     5678     0000
SIMLOG:: Cycle          20 PC:     0020 I:     1346 R: 1   6     5678 M: 0 0     c000     0003
SIMLOG:: Cycle          21 PC:     0022 I:     2554 R: 1   7     c000 M: 0 0     0004     0003
SIMLOG:: Cycle          22 PC:     0024 I:     3761 R: 1   1     0004 M: 0 0     8003     5678
SIMLOG:: Cycle          23 PC:     0026 I:     4444 R: 1   2     8003 M: 0 0     a888     ff00
SIMLOG:: Cycle          24 PC:     0028 I:     522e R: 1   3     a888 M: 0 0     ed34     0004
SIMLOG:: Cycle          25 PC:     002a I:     6258 R: 1   5     ed34 M: 0 0     00d2     0004
SIMLOG:: Cycle          26 PC:     002c I:     7115 R: 1   7     00d2 M: 0 0     f000     000e
SIMLOG:: Cycle          27 PC:     002e I:     a5fc R: 1   4     f000 M: 0 0     fffe     0008
SIMLOG:: Cycle          28 PC:     0030 I:     0000 R: 1   2     fffe M: 0 0     34ed     ed34
SIMLOG:: Cycle          29 PC:     0032 I:     0000 R: 1   2     34ed M: 0 0     ed37     00fc
SIMLOG:: Cycle          30 PC:     0034 I:     0000 R: 1   1     ed37 M: 0 0     edfc     0000
SIMLOG:: Cycle          31 PC:     0036 I:     0000 R: 1   5     edfc M: 0 0     0000     0000
SIMLOG:: Cycle          32 PC:     0038 I:     b5ef R: 1   0     0000 M: 0 0     0000     0000
SIMLOG:: Cycle          33 PC:     003a I:     0000 R: 1   0     0000 M: 0 0     0000     0000
SIMLOG:: Cycle          34 PC:     003c I:     0000 R: 1   0     0000 M: 0 0     0000     ef00
SIMLOG:: Cycle          35 PC:     003e I:     0000 R: 1   0     0000 M: 0 0     effc     0000
SIMLOG:: Cycle          36 PC:     0040 I:     0000 R: 1   5     effc M: 0 0     0000     0000
SIMLOG:: Cycle          37 PC:     0042 I:     924e R: 1   0     0000 M: 0 0     0000     0000
SIMLOG:: Cycle          38 PC:     0044 I:     9740 R: 1   0     0000 M: 0 0     0000     0000
SIMLOG:: Cycle          39 PC:     0046 I:     9154 R: 1   0     0000 M: 0 0     0000     34ed
SIMLOG:: Cycle          40 PC:     0048 I:     9556 R: 1   0     0000 M: 0 0     effc     00d2
SIMLOG:: Cycle          41 PC:     004a I:     0000 R: 0   2     effc M: 0 0     f000     ed37
SIMLOG:: Cycle          42 PC:     004c I:     0000 R: 0   7     f000 M: 0 0     f004     effc
SIMLOG:: Cycle          43 PC:     004e I:     0000 R: 0   1     f004 M: 0 0     f008     0000
SIMLOG:: Cycle          44 PC:     0050 I:     0000 R: 0   5     f008 M: 0 0     0000     0000
SIMLOG:: Cycle          45 PC:     0052 I:     8356 R: 1   0     0000 M: 0 0     0000     0000
SIMLOG:: Cycle          46 PC:     0054 I:     0000 R: 1   0     0000 M: 0 0     0000     0000
SIMLOG:: Cycle          47 PC:     0056 I:     0000 R: 1   0     0000 M: 0 0     0000     5678
SIMLOG:: Cycle          48 PC:     0058 I:     0000 R: 1   0     0000 M: 1 0     f008     0000
SIMLOG:: Cycle          49 PC:     005a I:     0000 R: 1   3     effc M: 0 0     0000     0000
SIMLOG:: Cycle          50 PC:     005c I:     8230 R: 1   0     0000 M: 0 0     0000     0000
SIMLOG:: Cycle          51 PC:     005e I:     8132 R: 1   0     0000 M: 0 0     0000     0000
SIMLOG:: Cycle          52 PC:     0060 I:     8434 R: 1   0     0000 M: 0 0     0000     0000
SIMLOG:: Cycle          53 PC:     0062 I:     0000 R: 1   0     0000 M: 1 0     effc     34ed
SIMLOG:: Cycle          54 PC:     0064 I:     0000 R: 1   2     34ed M: 1 0     f000     f000
SIMLOG:: Cycle          55 PC:     0066 I:     0000 R: 1   1     00d2 M: 1 0     f004     0000
SIMLOG:: Cycle          56 PC:     0068 I:     0000 R: 1   4     ed37 M: 0 0     0000     0000
SIMLOG:: Cycle          57 PC:     006a I:     0000 R: 1   0     0000 M: 0 0     0000     0000
SIMLOG:: Cycle          58 PC:     006c I:     0000 R: 1   0     0000 M: 0 0     0000     0000
SIMLOG:: Cycle          59 PC:     006e I:     0000 R: 1   0     0000 M: 0 0     0000     0000
SIMLOG:: Cycle          60 PC:     0070 I:     0000 R: 1   0     0000 M: 0 0     0000     0000
SIMLOG:: Cycle          61 PC:     0072 I:     xxxx R: 1   0     0000 M: 0 0     0000     0000
