INUM:        0 PC: 0x0000 REG:  1 VALUE: 0x0001
INUM:        1 PC: 0x0002 REG:  1 VALUE: 0x0001
INUM:        2 PC: 0x0004 REG:  2 VALUE: 0x0000
INUM:        3 PC: 0x0006 REG:  2 VALUE: 0x8000
INUM:        4 PC: 0x0008 REG:  3 VALUE: 0x0003
INUM:        5 PC: 0x000a REG:  3 VALUE: 0x0003
INUM:        6 PC: 0x000c REG:  4 VALUE: 0x0000
INUM:        7 PC: 0x000e REG:  4 VALUE: 0xff00
INUM:        8 PC: 0x0010
INUM:        9 PC: 0x0064 REG:  8 VALUE: 0x8001
INUM:       10 PC: 0x0066
INUM:       11 PC: 0x0068 REG:  8 VALUE: 0x8000
INUM:       12 PC: 0x006a
INUM:       13 PC: 0x005a REG:  8 VALUE: 0x0002
INUM:       14 PC: 0x005c
INUM:       15 PC: 0x005e REG:  8 VALUE: 0xfffe
INUM:       16 PC: 0x0060
INUM:       17 PC: 0x0050 REG:  8 VALUE: 0x0002
INUM:       18 PC: 0x0052
INUM:       19 PC: 0x0054 REG:  8 VALUE: 0x0000
INUM:       20 PC: 0x0056
INUM:       21 PC: 0x0046 REG:  8 VALUE: 0xfffe
INUM:       22 PC: 0x0048
INUM:       23 PC: 0x004a REG:  8 VALUE: 0x0002
INUM:       24 PC: 0x004c
INUM:       25 PC: 0x003c REG:  8 VALUE: 0xfffe
INUM:       26 PC: 0x003e
INUM:       27 PC: 0x0040 REG:  8 VALUE: 0x0000
INUM:       28 PC: 0x0042
INUM:       29 PC: 0x0032 REG:  8 VALUE: 0x0002
INUM:       30 PC: 0x0034
INUM:       31 PC: 0x0036 REG:  8 VALUE: 0xfffe
INUM:       32 PC: 0x0038
INUM:       33 PC: 0x0028 REG:  8 VALUE: 0xfffe
INUM:       34 PC: 0x002a
INUM:       35 PC: 0x002c REG:  8 VALUE: 0x0002
INUM:       36 PC: 0x002e
INUM:       37 PC: 0x001e REG:  8 VALUE: 0x0002
INUM:       38 PC: 0x0020
INUM:       39 PC: 0x0022 REG:  8 VALUE: 0x0000
INUM:       40 PC: 0x0024
INUM:       41 PC: 0x0014 REG:  8 VALUE: 0x0000
INUM:       42 PC: 0x0016
INUM:       43 PC: 0x0018 REG:  8 VALUE: 0x0018
INUM:       44 PC: 0x001a
INUM:       45 PC: 0x006e ADDR: 0xff04 VALUE: 0x0018
INUM:       46 PC: 0x0070 REG:  5 VALUE: 0x0004
INUM:       47 PC: 0x0072 REG:  6 VALUE: 0xff04
INUM:       48 PC: 0x0074 REG:  9 VALUE: 0x0018 ADDR: 0xff04
INUM:       49 PC: 0x0076 REG:  7 VALUE: 0x0000
INUM:       50 PC: 0x0078
INUM:       51 PC: 0x007a REG:  7 VALUE: 0x001a
INUM:       52 PC: 0x007c REG: 10 VALUE: 0x007c
INUM:       53 PC: 0x007e REG: 10 VALUE: 0x0096
INUM:       54 PC: 0x0080
INUM:       55 PC: 0x0096 REG: 10 VALUE: 0x000a
INUM:       56 PC: 0x0098 REG:  5 VALUE: 0x0005
INUM:       57 PC: 0x009a REG:  3 VALUE: 0x0005
INUM:       58 PC: 0x009c REG:  3 VALUE: 0x0000
INUM:       59 PC: 0x009e
INUM:       60 PC: 0x00e4
